{
  "RSpec": {
    "coverage": {
      "/home/thoughtful-path-1938/tic-tac-toe-rb-ruby-apply-000/lib/tic_tac_toe.rb": [
        null,
        null,
        1,
        null,
        null,
        null,
        null,
        null,
        null,
        null,
        null,
        null,
        null,
        1,
        25,
        25,
        25,
        25,
        25,
        null,
        null,
        1,
        18350,
        18350,
        null,
        null,
        1,
        23,
        23,
        null,
        23,
        23,
        null,
        null,
        1,
        36685,
        30,
        null,
        36655,
        null,
        null,
        null,
        1,
        36684,
        28,
        null,
        36656,
        null,
        null,
        null,
        null,
        1,
        29,
        29,
        261,
        51,
        null,
        null,
        29,
        null,
        null,
        1,
        18350,
        18347,
        18347,
        18347,
        13,
        13,
        18334,
        7,
        7,
        null,
        18327,
        null,
        null,
        null,
        1,
        1,
        1,
        null,
        0,
        null,
        null,
        null,
        null,
        1,
        85,
        3,
        null,
        null,
        82,
        515,
        24,
        491,
        10,
        null,
        null,
        48,
        null,
        null,
        null,
        null,
        1,
        19,
        6,
        null,
        13,
        null,
        null,
        null,
        1,
        39,
        19,
        null,
        20,
        8,
        null,
        12,
        5,
        null,
        null,
        null,
        1,
        16,
        4,
        null,
        12,
        6,
        null,
        6,
        0,
        null,
        null,
        null,
        1,
        25,
        15,
        null,
        10,
        33,
        6,
        27,
        4,
        null,
        null,
        null,
        null,
        1,
        12,
        11,
        11,
        0,
        0,
        null,
        11,
        1,
        0,
        null,
        10,
        0,
        0,
        null,
        10,
        null,
        8,
        4,
        4,
        3,
        1,
        1,
        null,
        null
      ]
    },
    "timestamp": 1596675865
  }
}
