{
  "RSpec": {
    "coverage": {
      "/home/thoughtful-path-1938/tic-tac-toe-rb-ruby-apply-000/lib/tic_tac_toe.rb": [
        null,
        null,
        1,
        null,
        null,
        null,
        null,
        null,
        null,
        null,
        null,
        null,
        null,
        1,
        7,
        7,
        7,
        7,
        7,
        null,
        null,
        1,
        6,
        6,
        null,
        null,
        1,
        5,
        5,
        null,
        5,
        5,
        null,
        null,
        1,
        8,
        5,
        null,
        3,
        null,
        null,
        null,
        1,
        7,
        3,
        null,
        4,
        null,
        null,
        null,
        null,
        1,
        4,
        4,
        36,
        5,
        null,
        null,
        4,
        null,
        null,
        1,
        3,
        3,
        3,
        3,
        2,
        2,
        1,
        0,
        0,
        null,
        1,
        null,
        null,
        null,
        1,
        1,
        1,
        null,
        0,
        null,
        null,
        null,
        null,
        1,
        16,
        0,
        null,
        null,
        16,
        111,
        7,
        104,
        2,
        null,
        null,
        7,
        null,
        null,
        null,
        null,
        1,
        7,
        4,
        null,
        3,
        null,
        null,
        null,
        1,
        10,
        5,
        null,
        5,
        0,
        null,
        5,
        3,
        null,
        null,
        null,
        1,
        3,
        1,
        null,
        2,
        1,
        null,
        1,
        0,
        null,
        null,
        null,
        1,
        3,
        1,
        null,
        2,
        12,
        1,
        11,
        1,
        null,
        null,
        null,
        null,
        1,
        130644,
        0,
        0,
        null,
        0,
        0,
        null,
        null
      ]
    },
    "timestamp": 1596673565
  }
}
